Start testing: Oct 19 20:33 PDT
----------------------------------------------------------
1/1 Testing: TestAll
1/1 Test: TestAll
Command: "/Users/bmleedy/PollutionSensor/gas_sensor/test/build/test-all"
Directory: /Users/bmleedy/PollutionSensor/gas_sensor/test/build
"TestAll" start time: Oct 19 20:33 PDT
Output:
----------------------------------------------------------
[==========] Running 1 test from 1 test case.
[----------] Global test environment set-up.
[----------] 1 test from testsuite
[ RUN      ] testsuite.testname
/Users/bmleedy/PollutionSensor/gas_sensor/test/LogFile_test.cpp:27: Failure
Actual function call count doesn't match EXPECT_CALL(*arduinoMock, delay(1))...
         Expected: to be called once
           Actual: never called - unsatisfied and active
[  FAILED  ] testsuite.testname (0 ms)
[----------] 1 test from testsuite (0 ms total)

[----------] Global test environment tear-down
[==========] 1 test from 1 test case ran. (0 ms total)
[  PASSED  ] 0 tests.
[  FAILED  ] 1 test, listed below:
[  FAILED  ] testsuite.testname

 1 FAILED TEST
<end of output>
Test time =   0.23 sec
----------------------------------------------------------
Test Failed.
"TestAll" end time: Oct 19 20:33 PDT
"TestAll" time elapsed: 00:00:00
----------------------------------------------------------

End testing: Oct 19 20:33 PDT
